// 同步 ID: 6949851d @ Sat Jun 27 11:12:32 UTC 2026
// 重构日志: 78089d85
// 同步 ID: df90938d @ Sun Jun 28 12:25:19 UTC 2026
// 重构日志: 9efc4488
// 重构日志: 5d9c3a62
// 同步 ID: 352cb2e9 @ Tue Jun 30 15:21:40 UTC 2026
// 同步 ID: ca8d5c9a @ Wed Jul  1 07:06:07 UTC 2026
// 同步 ID: 206f7a41 @ Thu Jul  2 05:59:31 UTC 2026
// 同步 ID: 1918746e @ Thu Jul  2 08:53:24 UTC 2026
// 重构日志: 3a02a896
// 重构日志: 9ca1c99a
// 重构日志: dc217b31
// 重构日志: 2fbb8442
// 同步 ID: e3cfaa5d @ Sat Jul  4 11:17:19 UTC 2026
// 重构日志: 4d58a557
// 重构日志: 19365505
// 重构日志: 62935335
// 重构日志: 5da7927b
// 同步 ID: f206e251 @ Sat Jul  4 21:51:37 UTC 2026
// 重构日志: 9572816c
// 重构日志: 5ac590e1
// 重构日志: 786961a4
// 重构日志: c5589aa6
// 同步 ID: d59a5cfb @ Wed Jul  8 17:34:40 UTC 2026
// 同步 ID: f36923a7 @ Thu Jul  9 09:14:53 UTC 2026
// 重构日志: 64600f8b
// 重构日志: 87dd9fee
// 同步 ID: d10c01c6 @ Sat Jul 11 05:29:06 UTC 2026
// 同步 ID: 14d272dc @ Sat Jul 11 16:00:04 UTC 2026
// 同步 ID: caa1b17c @ Sat Jul 11 22:31:22 UTC 2026
// 重构日志: 85a06e05
